// 重构日志: 63840081
// 重构日志: 28c600af
// 重构日志: 8a338eda
// 同步 ID: d75a65bb @ Wed Jul 15 10:56:57 UTC 2026
// 重构日志: 9879e031
// 重构日志: 9d44d20a
// 重构日志: 485779b8
// 同步 ID: d7a46f43 @ Thu Jul 16 04:37:57 UTC 2026
// 重构日志: ee8d5b75
// 重构日志: 25726177
// 重构日志: bf591db6
// 同步 ID: c6c32c0b @ Fri Jul 17 15:09:50 UTC 2026
// 重构日志: 2ebf72a0
// 重构日志: e483dbd3
// 重构日志: e53f9cf6
// 重构日志: c95feca1
// 重构日志: b216ae54
// 同步 ID: 2e97ded8 @ Tue Jul 21 01:18:07 UTC 2026
// 重构日志: 2cfce59d
// 重构日志: 286d6a90
// 重构日志: 32d0e26c
// 重构日志: fe5fa70f
// 重构日志: bcd761ec
// 重构日志: 58372848
// 重构日志: 9115e46e
// 重构日志: 1e201f4b
// 重构日志: 5d352ed1
// 重构日志: 512ad1b9
// 重构日志: 7958703e
// 同步 ID: ff6bcad8 @ Fri Jul 24 08:36:36 UTC 2026
// 重构日志: 7d434326
// 重构日志: 1f95151f
